c:\users\milton\documents\github\swag-cars\swagcars\destructibleterrain\release\vc120.pdb
c:\users\milton\documents\github\swag-cars\swagcars\destructibleterrain\release\sprite.obj
c:\users\milton\documents\github\swag-cars\swagcars\destructibleterrain\release\main.obj
c:\users\milton\documents\github\swag-cars\swagcars\destructibleterrain\release\global.obj
c:\users\milton\documents\github\swag-cars\swagcars\destructibleterrain\release\car.obj
c:\users\milton\documents\swag-cars\swagcars\destructibleterrain\release\vc120.pdb
c:\users\milton\documents\swag-cars\swagcars\destructibleterrain\release\sprite.obj
c:\users\milton\documents\swag-cars\swagcars\destructibleterrain\release\main.obj
c:\users\milton\documents\swag-cars\swagcars\destructibleterrain\release\global.obj
c:\users\milton\documents\swag-cars\swagcars\destructibleterrain\release\car.obj
c:\users\milton\documents\github\swag-cars\swagcars\release\destructibleterrain.exe
c:\users\milton\documents\github\swag-cars\swagcars\release\destructibleterrain.pdb
c:\users\milton\documents\swag-cars\swagcars\release\destructibleterrain.exe
c:\users\milton\documents\swag-cars\swagcars\release\destructibleterrain.pdb
c:\users\milton\documents\swag-cars\swagcars\destructibleterrain\release\collision.obj
c:\users\milton\documents\swag-cars\swagcars\destructibleterrain\release\colmanager.obj
c:\users\milton\documents\swag-cars\swagcars\destructibleterrain\release\col_break.obj
c:\users\milton\documents\swag-cars\swagcars\destructibleterrain\release\col_circle.obj
c:\users\milton\documents\swag-cars\swagcars\destructibleterrain\release\col_square.obj
c:\users\milton\documents\swag-cars\swagcars\destructibleterrain\release\game.obj
c:\users\milton\documents\swag-cars\swagcars\destructibleterrain\release\maskedsprite.obj
c:\users\milton\documents\swag-cars\swagcars\destructibleterrain\release\projectile.obj
c:\users\milton\documents\swag-cars\swagcars\destructibleterrain\release\proj_bomb.obj
c:\users\milton\documents\swag-cars\swagcars\destructibleterrain\release\proj_box.obj
c:\users\milton\documents\swag-cars\swagcars\destructibleterrain\release\terrain.obj
c:\users\milton\documents\swag-cars\swagcars\destructibleterrain\release\destruct.58e1173e.tlog\cl.command.1.tlog
c:\users\milton\documents\swag-cars\swagcars\destructibleterrain\release\destruct.58e1173e.tlog\cl.read.1.tlog
c:\users\milton\documents\swag-cars\swagcars\destructibleterrain\release\destruct.58e1173e.tlog\cl.write.1.tlog
c:\users\milton\documents\swag-cars\swagcars\destructibleterrain\release\destruct.58e1173e.tlog\link.command.1.tlog
c:\users\milton\documents\swag-cars\swagcars\destructibleterrain\release\destruct.58e1173e.tlog\link.read.1.tlog
c:\users\milton\documents\swag-cars\swagcars\destructibleterrain\release\destruct.58e1173e.tlog\link.write.1.tlog
