C:\USERS\MILTON\DESKTOP\HIT3243 - GAMES PROGRAMMING\SUPERPROJECT\DESTRUCTIBLETERRAIN\DEBUG\DESTRUCTIBLETERRAIN.EXE
C:\USERS\MILTON\DESKTOP\HIT3243 - GAMES PROGRAMMING\SUPERPROJECT\DESTRUCTIBLETERRAIN\DEBUG\DESTRUCTIBLETERRAIN.ILK
C:\USERS\MILTON\DESKTOP\HIT3243 - GAMES PROGRAMMING\SUPERPROJECT\DESTRUCTIBLETERRAIN\DEBUG\DESTRUCTIBLETERRAIN.PDB
C:\Users\milton\Desktop\HIT3243 - Games Programming\SuperProject\DestructibleTerrain\DestructibleTerrain\Debug\cl.command.1.tlog
C:\Users\milton\Desktop\HIT3243 - Games Programming\SuperProject\DestructibleTerrain\DestructibleTerrain\Debug\CL.read.1.tlog
C:\Users\milton\Desktop\HIT3243 - Games Programming\SuperProject\DestructibleTerrain\DestructibleTerrain\Debug\CL.write.1.tlog
C:\USERS\MILTON\DESKTOP\HIT3243 - GAMES PROGRAMMING\SUPERPROJECT\DESTRUCTIBLETERRAIN\DESTRUCTIBLETERRAIN\DEBUG\COL_BREAK.OBJ
C:\USERS\MILTON\DESKTOP\HIT3243 - GAMES PROGRAMMING\SUPERPROJECT\DESTRUCTIBLETERRAIN\DESTRUCTIBLETERRAIN\DEBUG\COL_CIRCLE.OBJ
C:\USERS\MILTON\DESKTOP\HIT3243 - GAMES PROGRAMMING\SUPERPROJECT\DESTRUCTIBLETERRAIN\DESTRUCTIBLETERRAIN\DEBUG\COL_SQUARE.OBJ
C:\USERS\MILTON\DESKTOP\HIT3243 - GAMES PROGRAMMING\SUPERPROJECT\DESTRUCTIBLETERRAIN\DESTRUCTIBLETERRAIN\DEBUG\COLLISION.OBJ
C:\USERS\MILTON\DESKTOP\HIT3243 - GAMES PROGRAMMING\SUPERPROJECT\DESTRUCTIBLETERRAIN\DESTRUCTIBLETERRAIN\DEBUG\COLMANAGER.OBJ
C:\USERS\MILTON\DESKTOP\HIT3243 - GAMES PROGRAMMING\SUPERPROJECT\DESTRUCTIBLETERRAIN\DESTRUCTIBLETERRAIN\DEBUG\DESTRUCTIBLETERRAIN.EXE.INTERMEDIATE.MANIFEST
C:\USERS\MILTON\DESKTOP\HIT3243 - GAMES PROGRAMMING\SUPERPROJECT\DESTRUCTIBLETERRAIN\DESTRUCTIBLETERRAIN\DEBUG\GAME.OBJ
C:\USERS\MILTON\DESKTOP\HIT3243 - GAMES PROGRAMMING\SUPERPROJECT\DESTRUCTIBLETERRAIN\DESTRUCTIBLETERRAIN\DEBUG\GLOBAL.OBJ
C:\Users\milton\Desktop\HIT3243 - Games Programming\SuperProject\DestructibleTerrain\DestructibleTerrain\Debug\link.command.1.tlog
C:\Users\milton\Desktop\HIT3243 - Games Programming\SuperProject\DestructibleTerrain\DestructibleTerrain\Debug\link.read.1.tlog
C:\Users\milton\Desktop\HIT3243 - Games Programming\SuperProject\DestructibleTerrain\DestructibleTerrain\Debug\link.write.1.tlog
C:\USERS\MILTON\DESKTOP\HIT3243 - GAMES PROGRAMMING\SUPERPROJECT\DESTRUCTIBLETERRAIN\DESTRUCTIBLETERRAIN\DEBUG\MAIN.OBJ
C:\USERS\MILTON\DESKTOP\HIT3243 - GAMES PROGRAMMING\SUPERPROJECT\DESTRUCTIBLETERRAIN\DESTRUCTIBLETERRAIN\DEBUG\MASKEDSPRITE.OBJ
C:\Users\milton\Desktop\HIT3243 - Games Programming\SuperProject\DestructibleTerrain\DestructibleTerrain\Debug\mt.command.1.tlog
C:\Users\milton\Desktop\HIT3243 - Games Programming\SuperProject\DestructibleTerrain\DestructibleTerrain\Debug\mt.read.1.tlog
C:\Users\milton\Desktop\HIT3243 - Games Programming\SuperProject\DestructibleTerrain\DestructibleTerrain\Debug\mt.write.1.tlog
C:\USERS\MILTON\DESKTOP\HIT3243 - GAMES PROGRAMMING\SUPERPROJECT\DESTRUCTIBLETERRAIN\DESTRUCTIBLETERRAIN\DEBUG\PROJ_BOMB.OBJ
C:\USERS\MILTON\DESKTOP\HIT3243 - GAMES PROGRAMMING\SUPERPROJECT\DESTRUCTIBLETERRAIN\DESTRUCTIBLETERRAIN\DEBUG\PROJ_BOX.OBJ
C:\USERS\MILTON\DESKTOP\HIT3243 - GAMES PROGRAMMING\SUPERPROJECT\DESTRUCTIBLETERRAIN\DESTRUCTIBLETERRAIN\DEBUG\PROJECTILE.OBJ
C:\USERS\MILTON\DESKTOP\HIT3243 - GAMES PROGRAMMING\SUPERPROJECT\DESTRUCTIBLETERRAIN\DESTRUCTIBLETERRAIN\DEBUG\SPRITE.OBJ
C:\USERS\MILTON\DESKTOP\HIT3243 - GAMES PROGRAMMING\SUPERPROJECT\DESTRUCTIBLETERRAIN\DESTRUCTIBLETERRAIN\DEBUG\TERRAIN.OBJ
C:\Users\milton\Desktop\HIT3243 - Games Programming\SuperProject\DestructibleTerrain\DestructibleTerrain\Debug\vc100.idb
C:\USERS\MILTON\DESKTOP\HIT3243 - GAMES PROGRAMMING\SUPERPROJECT\DESTRUCTIBLETERRAIN\DESTRUCTIBLETERRAIN\DEBUG\VC100.PDB
