Build started 25/11/2013 11:55:34 AM.
     1>Project "C:\Users\milton\Desktop\HIT3243 - Games Programming\SuperProject\DestructibleTerrain\DestructibleTerrain\DestructibleTerrain.vcxproj" on node 2 (build target(s)).
     1>InitializeBuildStatus:
         Creating "Debug\DestructibleTerrain.unsuccessfulbuild" because "AlwaysCreate" was specified.
       ClCompile:
         C:\Program Files (x86)\Microsoft Visual Studio 10.0\VC\bin\CL.exe /c /ZI /nologo /W3 /WX- /Od /Oy- /D _MBCS /Gm /EHsc /RTC1 /MD /GS /fp:precise /Zc:wchar_t /Zc:forScope /Fo"Debug\\" /Fd"Debug\vc100.pdb" /Gd /TP /analyze- /errorReport:prompt main.cpp projectile.cpp
         projectile.cpp
     1>c:\users\milton\desktop\hit3243 - games programming\superproject\destructibleterrain\destructibleterrain\global.h(65): warning C4244: '=' : conversion from 'int' to 'float', possible loss of data
     1>c:\users\milton\desktop\hit3243 - games programming\superproject\destructibleterrain\destructibleterrain\global.h(66): warning C4244: '=' : conversion from 'int' to 'float', possible loss of data
     1>c:\users\milton\desktop\hit3243 - games programming\superproject\destructibleterrain\destructibleterrain\projectile.cpp(48): warning C4018: '>' : signed/unsigned mismatch
         main.cpp
     1>c:\users\milton\desktop\hit3243 - games programming\superproject\destructibleterrain\destructibleterrain\global.h(65): warning C4244: '=' : conversion from 'int' to 'float', possible loss of data
     1>c:\users\milton\desktop\hit3243 - games programming\superproject\destructibleterrain\destructibleterrain\global.h(66): warning C4244: '=' : conversion from 'int' to 'float', possible loss of data
     1>c:\users\milton\desktop\hit3243 - games programming\superproject\destructibleterrain\destructibleterrain\main.cpp(36): warning C4305: 'argument' : truncation from 'double' to 'GLclampf'
     1>c:\users\milton\desktop\hit3243 - games programming\superproject\destructibleterrain\destructibleterrain\main.cpp(68): warning C4244: 'argument' : conversion from 'time_t' to 'unsigned int', possible loss of data
         Generating Code...
       Link:
         C:\Program Files (x86)\Microsoft Visual Studio 10.0\VC\bin\link.exe /ERRORREPORT:PROMPT /OUT:"C:\Users\milton\Desktop\HIT3243 - Games Programming\SuperProject\DestructibleTerrain\Debug\DestructibleTerrain.exe" /NOLOGO /LIBPATH:"C:\SDL-1.2.15\lib\x86" SDL.lib SDLmain.lib SDL_mixer.lib SDL_image.lib opengl32.lib glu32.lib kernel32.lib user32.lib gdi32.lib winspool.lib comdlg32.lib advapi32.lib shell32.lib ole32.lib oleaut32.lib uuid.lib odbc32.lib odbccp32.lib /MANIFEST /ManifestFile:"Debug\DestructibleTerrain.exe.intermediate.manifest" /MANIFESTUAC:"level='asInvoker' uiAccess='false'" /DEBUG /PDB:"C:\Users\milton\Desktop\HIT3243 - Games Programming\SuperProject\DestructibleTerrain\Debug\DestructibleTerrain.pdb" /SUBSYSTEM:CONSOLE /TLBID:1 /DYNAMICBASE /NXCOMPAT /IMPLIB:"C:\Users\milton\Desktop\HIT3243 - Games Programming\SuperProject\DestructibleTerrain\Debug\DestructibleTerrain.lib" /MACHINE:X86 Debug\maskedSprite.obj
         Debug\colManager.obj
         Debug\projectile.obj
         Debug\proj_bomb.obj
         Debug\Collision.obj
         Debug\col_circle.obj
         Debug\col_square.obj
         Debug\game.obj
         Debug\global.obj
         Debug\main.obj
         Debug\proj_box.obj
         Debug\sprite.obj
         Debug\col_break.obj
         Debug\terrain.obj
         LINK : C:\Users\milton\Desktop\HIT3243 - Games Programming\SuperProject\DestructibleTerrain\Debug\DestructibleTerrain.exe not found or not built by the last incremental link; performing full link
         DestructibleTerrain.vcxproj -> C:\Users\milton\Desktop\HIT3243 - Games Programming\SuperProject\DestructibleTerrain\Debug\DestructibleTerrain.exe
       Manifest:
         C:\Program Files (x86)\Microsoft SDKs\Windows\v7.0A\bin\mt.exe /nologo /verbose /outputresource:"C:\Users\milton\Desktop\HIT3243 - Games Programming\SuperProject\DestructibleTerrain\Debug\DestructibleTerrain.exe;#1" /manifest Debug\DestructibleTerrain.exe.intermediate.manifest
       FinalizeBuildStatus:
         Deleting file "Debug\DestructibleTerrain.unsuccessfulbuild".
         Touching "Debug\DestructibleTerrain.lastbuildstate".
     1>Done Building Project "C:\Users\milton\Desktop\HIT3243 - Games Programming\SuperProject\DestructibleTerrain\DestructibleTerrain\DestructibleTerrain.vcxproj" (build target(s)).

Build succeeded.

Time Elapsed 00:00:01.87
