c:\users\milton\documents\swag-cars\carssdl\carssdl\debug\vc120.pdb
c:\users\ryan\documents\github\swag-cars\carssdl\carssdl\debug\vc120.pdb
c:\users\ryan\documents\github\swag-cars\carssdl\carssdl\debug\vc120.idb
c:\users\ryan\documents\github\swag-cars\carssdl\carssdl\debug\car.obj
c:\users\ryan\documents\github\swag-cars\carssdl\carssdl\debug\game.obj
c:\users\ryan\documents\github\swag-cars\carssdl\carssdl\debug\graph.obj
c:\users\ryan\documents\github\swag-cars\carssdl\carssdl\debug\main.obj
c:\users\ryan\documents\github\swag-cars\carssdl\carssdl\debug\sprite.obj
c:\users\ryan\documents\github\swag-cars\carssdl\carssdl\debug\text.obj
c:\users\ryan\documents\github\swag-cars\carssdl\carssdl\debug\button.obj
c:\users\milton\documents\swag-cars\carssdl\debug\carssdl.ilk
c:\users\milton\documents\swag-cars\carssdl\debug\carssdl.exe
c:\users\milton\documents\swag-cars\carssdl\debug\carssdl.pdb
c:\users\ryan\documents\github\swag-cars\carssdl\debug\carssdl.ilk
c:\users\ryan\documents\github\swag-cars\carssdl\debug\carssdl.exe
c:\users\ryan\documents\github\swag-cars\carssdl\debug\carssdl.pdb
c:\users\ryan\documents\github\swag-cars\carssdl\carssdl\debug\carssdl.tlog\cl.command.1.tlog
c:\users\ryan\documents\github\swag-cars\carssdl\carssdl\debug\carssdl.tlog\cl.read.1.tlog
c:\users\ryan\documents\github\swag-cars\carssdl\carssdl\debug\carssdl.tlog\cl.write.1.tlog
c:\users\ryan\documents\github\swag-cars\carssdl\carssdl\debug\carssdl.tlog\link-cvtres.read.1.tlog
c:\users\ryan\documents\github\swag-cars\carssdl\carssdl\debug\carssdl.tlog\link-cvtres.write.1.tlog
c:\users\ryan\documents\github\swag-cars\carssdl\carssdl\debug\carssdl.tlog\link-rc.read.1.tlog
c:\users\ryan\documents\github\swag-cars\carssdl\carssdl\debug\carssdl.tlog\link-rc.write.1.tlog
c:\users\ryan\documents\github\swag-cars\carssdl\carssdl\debug\carssdl.tlog\link.5168-cvtres.read.1.tlog
c:\users\ryan\documents\github\swag-cars\carssdl\carssdl\debug\carssdl.tlog\link.5168-cvtres.write.1.tlog
c:\users\ryan\documents\github\swag-cars\carssdl\carssdl\debug\carssdl.tlog\link.5168-rc.read.1.tlog
c:\users\ryan\documents\github\swag-cars\carssdl\carssdl\debug\carssdl.tlog\link.5168-rc.write.1.tlog
c:\users\ryan\documents\github\swag-cars\carssdl\carssdl\debug\carssdl.tlog\link.5168.read.1.tlog
c:\users\ryan\documents\github\swag-cars\carssdl\carssdl\debug\carssdl.tlog\link.5168.write.1.tlog
c:\users\ryan\documents\github\swag-cars\carssdl\carssdl\debug\carssdl.tlog\link.command.1.tlog
c:\users\ryan\documents\github\swag-cars\carssdl\carssdl\debug\carssdl.tlog\link.read.1.tlog
c:\users\ryan\documents\github\swag-cars\carssdl\carssdl\debug\carssdl.tlog\link.write.1.tlog
