Build started 1/11/2014 3:30:56 PM.
     1>Project "C:\Users\milton\Documents\Swag-Cars\CarsSDL\CarsSDL\CarsSDL.vcxproj" on node 2 (Build target(s)).
     1>ClCompile:
         C:\Program Files (x86)\Microsoft Visual Studio 12.0\VC\bin\CL.exe /c /Zi /nologo /W3 /WX- /sdl /O2 /Oi /Oy- /GL /D _MBCS /Gm- /EHsc /MD /GS /Gy /fp:precise /Zc:wchar_t /Zc:forScope /Fo"Release\\" /Fd"Release\vc120.pdb" /Gd /TP /analyze- /errorReport:prompt game.cpp
         game.cpp
     1>c:\users\milton\documents\swag-cars\carssdl\carssdl\global.h(57): warning C4018: '<' : signed/unsigned mismatch
     1>game.cpp(131): warning C4244: 'argument' : conversion from 'double' to 'int', possible loss of data
     1>game.cpp(139): warning C4244: 'argument' : conversion from 'double' to 'int', possible loss of data
     1>game.cpp(153): warning C4244: 'argument' : conversion from 'double' to 'int', possible loss of data
     1>game.cpp(162): warning C4244: 'argument' : conversion from 'double' to 'int', possible loss of data
     1>game.cpp(168): warning C4244: 'argument' : conversion from 'double' to 'int', possible loss of data
     1>game.cpp(214): warning C4215: nonstandard extension used : long float
     1>game.cpp(224): warning C4215: nonstandard extension used : long float
       Link:
         C:\Program Files (x86)\Microsoft Visual Studio 12.0\VC\bin\link.exe /ERRORREPORT:PROMPT /OUT:"C:\Users\milton\Documents\Swag-Cars\CarsSDL\Release\CarsSDL.exe" /NOLOGO SDL2.lib SDL2main.lib SDL2_ttf.lib SDL2_image.lib kernel32.lib user32.lib gdi32.lib winspool.lib comdlg32.lib advapi32.lib shell32.lib ole32.lib oleaut32.lib uuid.lib odbc32.lib odbccp32.lib /MANIFEST /MANIFESTUAC:"level='asInvoker' uiAccess='false'" /manifest:embed /DEBUG /PDB:"C:\Users\milton\Documents\Swag-Cars\CarsSDL\Release\CarsSDL.pdb" /SUBSYSTEM:CONSOLE /OPT:REF /OPT:ICF /LTCG /TLBID:1 /DYNAMICBASE /NXCOMPAT /IMPLIB:"C:\Users\milton\Documents\Swag-Cars\CarsSDL\Release\CarsSDL.lib" /MACHINE:X86 /SAFESEH Release\button.obj
         Release\car.obj
         Release\game.obj
         Release\graph.obj
         Release\main.obj
         Release\sprite.obj
         Release\text.obj
         Generating code
         Finished generating code
         CarsSDL.vcxproj -> C:\Users\milton\Documents\Swag-Cars\CarsSDL\Release\CarsSDL.exe
     1>Done Building Project "C:\Users\milton\Documents\Swag-Cars\CarsSDL\CarsSDL\CarsSDL.vcxproj" (Build target(s)).

Build succeeded.

Time Elapsed 00:00:01.76
